<?xml version="1.0" encoding="UTF-8"?>
<!-- Generated by org.testng.reporters.JUnitReportReporter -->
<testsuite hostname="COLDTH" failures="0" tests="1" name="runner.webMentionRunner" time="21.234" errors="0" timestamp="2021-10-18T16:04:34 CEST" skipped="0">
  <testcase classname="runner.webMentionRunner" name="runScenario" time="21.234"/>
  <system-out/>
</testsuite> <!-- runner.webMentionRunner -->
